# JRE version: OpenJDK Runtime Environment Temurin-17.0.8.1+1 (17.0.8.1+1) (build 17.0.8.1+1)
# Java VM: OpenJDK 64-Bit Server VM Temurin-17.0.8.1+1 (17.0.8.1+1, mixed mode, sharing, tiered, compressed oops, compressed class ptrs, g1 gc, windows-amd64)
GC Precious Log:
 CPUs: 8 total, 8 available
 Memory: 8043M
 Large Page Support: Disabled
 NUMA Support: Disabled
 Compressed Oops: Enabled (32-bit)
 Heap Region Size: 1M
 Heap Min Capacity: 8M
 Heap Initial Capacity: 126M
 Heap Max Capacity: 2012M
 Pre-touch: Disabled
 Parallel Workers: 8
 Concurrent Workers: 2
 Concurrent Refinement Workers: 8
 Periodic GC: Disabled
Heap:
 garbage-first heap   total 94208K, used 33802K [0x0000000082400000, 0x0000000100000000)
  region size 1024K, 13 young (13312K), 4 survivors (4096K)
 Metaspace       used 60677K, committed 61184K, reserved 1114112K
  class space    used 8197K, committed 8448K, reserved 1048576K
GC Heap History (20 events):
Event: 1.950 GC heap before
{Heap before GC invocations=2 (full 0):
 garbage-first heap   total 129024K, used 65552K [0x0000000082400000, 0x0000000100000000)
  region size 1024K, 59 young (60416K), 3 survivors (3072K)
 Metaspace       used 21168K, committed 21504K, reserved 1114112K
  class space    used 2649K, committed 2816K, reserved 1048576K
}
Event: 1.959 GC heap after
{Heap after GC invocations=3 (full 0):
 garbage-first heap   total 129024K, used 14694K [0x0000000082400000, 0x0000000100000000)
  region size 1024K, 7 young (7168K), 7 survivors (7168K)
 Metaspace       used 21168K, committed 21504K, reserved 1114112K
  class space    used 2649K, committed 2816K, reserved 1048576K
}
Event: 2.603 GC heap before
{Heap before GC invocations=4 (full 0):
 garbage-first heap   total 55296K, used 40294K [0x0000000082400000, 0x0000000100000000)
  region size 1024K, 32 young (32768K), 7 survivors (7168K)
 Metaspace       used 25000K, committed 25408K, reserved 1114112K
  class space    used 3208K, committed 3392K, reserved 1048576K
}
Event: 2.610 GC heap after
{Heap after GC invocations=5 (full 0):
 garbage-first heap   total 55296K, used 17027K [0x0000000082400000, 0x0000000100000000)
  region size 1024K, 3 young (3072K), 3 survivors (3072K)
 Metaspace       used 25000K, committed 25408K, reserved 1114112K
  class space    used 3208K, committed 3392K, reserved 1048576K
}
Event: 2.637 GC heap before
{Heap before GC invocations=5 (full 0):
 garbage-first heap   total 55296K, used 18051K [0x0000000082400000, 0x0000000100000000)
  region size 1024K, 4 young (4096K), 3 survivors (3072K)
 Metaspace       used 25294K, committed 25664K, reserved 1114112K
  class space    used 3250K, committed 3456K, reserved 1048576K
}
Event: 2.640 GC heap after
{Heap after GC invocations=6 (full 0):
 garbage-first heap   total 55296K, used 17317K [0x0000000082400000, 0x0000000100000000)
  region size 1024K, 1 young (1024K), 1 survivors (1024K)
 Metaspace       used 25294K, committed 25664K, reserved 1114112K
  class space    used 3250K, committed 3456K, reserved 1048576K
}
Event: 3.515 GC heap before
{Heap before GC invocations=6 (full 0):
 garbage-first heap   total 55296K, used 37797K [0x0000000082400000, 0x0000000100000000)
  region size 1024K, 21 young (21504K), 1 survivors (1024K)
 Metaspace       used 29173K, committed 29568K, reserved 1114112K
  class space    used 3733K, committed 3904K, reserved 1048576K
}
Event: 3.518 GC heap after
{Heap after GC invocations=7 (full 0):
 garbage-first heap   total 55296K, used 18669K [0x0000000082400000, 0x0000000100000000)
  region size 1024K, 2 young (2048K), 2 survivors (2048K)
 Metaspace       used 29173K, committed 29568K, reserved 1114112K
  class space    used 3733K, committed 3904K, reserved 1048576K
}
Event: 4.094 GC heap before
{Heap before GC invocations=7 (full 0):
 garbage-first heap   total 55296K, used 40173K [0x0000000082400000, 0x0000000100000000)
  region size 1024K, 23 young (23552K), 2 survivors (2048K)
 Metaspace       used 33881K, committed 34368K, reserved 1114112K
  class space    used 4438K, committed 4672K, reserved 1048576K
}
Event: 4.097 GC heap after
{Heap after GC invocations=8 (full 0):
 garbage-first heap   total 55296K, used 20212K [0x0000000082400000, 0x0000000100000000)
  region size 1024K, 2 young (2048K), 2 survivors (2048K)
 Metaspace       used 33881K, committed 34368K, reserved 1114112K
  class space    used 4438K, committed 4672K, reserved 1048576K
}
Event: 4.229 GC heap before
{Heap before GC invocations=8 (full 0):
 garbage-first heap   total 55296K, used 27380K [0x0000000082400000, 0x0000000100000000)
  region size 1024K, 10 young (10240K), 2 survivors (2048K)
 Metaspace       used 35524K, committed 35968K, reserved 1114112K
  class space    used 4692K, committed 4928K, reserved 1048576K
}
Event: 4.231 GC heap after
{Heap after GC invocations=9 (full 0):
 garbage-first heap   total 55296K, used 20514K [0x0000000082400000, 0x0000000100000000)
  region size 1024K, 2 young (2048K), 2 survivors (2048K)
 Metaspace       used 35524K, committed 35968K, reserved 1114112K
  class space    used 4692K, committed 4928K, reserved 1048576K
}
Event: 4.902 GC heap before
{Heap before GC invocations=10 (full 0):
 garbage-first heap   total 55296K, used 42018K [0x0000000082400000, 0x0000000100000000)
  region size 1024K, 23 young (23552K), 2 survivors (2048K)
 Metaspace       used 44751K, committed 45184K, reserved 1114112K
  class space    used 5879K, committed 6080K, reserved 1048576K
}
Event: 4.904 GC heap after
{Heap after GC invocations=11 (full 0):
 garbage-first heap   total 55296K, used 22805K [0x0000000082400000, 0x0000000100000000)
  region size 1024K, 3 young (3072K), 3 survivors (3072K)
 Metaspace       used 44751K, committed 45184K, reserved 1114112K
  class space    used 5879K, committed 6080K, reserved 1048576K
}
Event: 4.921 GC heap before
{Heap before GC invocations=11 (full 0):
 garbage-first heap   total 55296K, used 23829K [0x0000000082400000, 0x0000000100000000)
  region size 1024K, 4 young (4096K), 3 survivors (3072K)
 Metaspace       used 44976K, committed 45440K, reserved 1114112K
  class space    used 5918K, committed 6144K, reserved 1048576K
}
Event: 4.923 GC heap after
{Heap after GC invocations=12 (full 0):
 garbage-first heap   total 55296K, used 22933K [0x0000000082400000, 0x0000000100000000)
  region size 1024K, 1 young (1024K), 1 survivors (1024K)
 Metaspace       used 44976K, committed 45440K, reserved 1114112K
  class space    used 5918K, committed 6144K, reserved 1048576K
}
Event: 5.261 GC heap before
{Heap before GC invocations=12 (full 0):
 garbage-first heap   total 55296K, used 42389K [0x0000000082400000, 0x0000000100000000)
  region size 1024K, 20 young (20480K), 1 survivors (1024K)
 Metaspace       used 48913K, committed 49408K, reserved 1114112K
  class space    used 6428K, committed 6656K, reserved 1048576K
}
Event: 5.263 GC heap after
{Heap after GC invocations=13 (full 0):
 garbage-first heap   total 94208K, used 23872K [0x0000000082400000, 0x0000000100000000)
  region size 1024K, 2 young (2048K), 2 survivors (2048K)
 Metaspace       used 48913K, committed 49408K, reserved 1114112K
  class space    used 6428K, committed 6656K, reserved 1048576K
}
Event: 6.163 GC heap before
{Heap before GC invocations=13 (full 0):
 garbage-first heap   total 94208K, used 63808K [0x0000000082400000, 0x0000000100000000)
  region size 1024K, 43 young (44032K), 2 survivors (2048K)
 Metaspace       used 59637K, committed 60160K, reserved 1114112K
  class space    used 8071K, committed 8320K, reserved 1048576K
}
Event: 6.166 GC heap after
{Heap after GC invocations=14 (full 0):
 garbage-first heap   total 94208K, used 25610K [0x0000000082400000, 0x0000000100000000)
  region size 1024K, 4 young (4096K), 4 survivors (4096K)
 Metaspace       used 59637K, committed 60160K, reserved 1114112K
  class space    used 8071K, committed 8320K, reserved 1048576K
}

