# JRE version: OpenJDK Runtime Environment Temurin-17.0.8.1+1 (17.0.8.1+1) (build 17.0.8.1+1)
# Java VM: OpenJDK 64-Bit Server VM Temurin-17.0.8.1+1 (17.0.8.1+1, mixed mode, sharing, tiered, compressed oops, compressed class ptrs, g1 gc, windows-amd64)
GC Precious Log:
 CPUs: 8 total, 8 available
 Memory: 8043M
 Large Page Support: Disabled
 NUMA Support: Disabled
 Compressed Oops: Enabled (32-bit)
 Heap Region Size: 1M
 Heap Min Capacity: 8M
 Heap Initial Capacity: 126M
 Heap Max Capacity: 2012M
 Pre-touch: Disabled
 Parallel Workers: 8
 Concurrent Workers: 2
 Concurrent Refinement Workers: 8
 Periodic GC: Disabled
Heap:
 garbage-first heap   total 82944K, used 57774K [0x0000000082400000, 0x0000000100000000)
  region size 1024K, 30 young (30720K), 3 survivors (3072K)
 Metaspace       used 75008K, committed 75584K, reserved 1114112K
  class space    used 10513K, committed 10752K, reserved 1048576K
GC Heap History (20 events):
Event: 3.831 GC heap before
{Heap before GC invocations=7 (full 0):
 garbage-first heap   total 55296K, used 39575K [0x0000000082400000, 0x0000000100000000)
  region size 1024K, 22 young (22528K), 2 survivors (2048K)
 Metaspace       used 33895K, committed 34368K, reserved 1114112K
  class space    used 4445K, committed 4672K, reserved 1048576K
}
Event: 3.833 GC heap after
{Heap after GC invocations=8 (full 0):
 garbage-first heap   total 55296K, used 20643K [0x0000000082400000, 0x0000000100000000)
  region size 1024K, 2 young (2048K), 2 survivors (2048K)
 Metaspace       used 33895K, committed 34368K, reserved 1114112K
  class space    used 4445K, committed 4672K, reserved 1048576K
}
Event: 3.948 GC heap before
{Heap before GC invocations=8 (full 0):
 garbage-first heap   total 55296K, used 26787K [0x0000000082400000, 0x0000000100000000)
  region size 1024K, 9 young (9216K), 2 survivors (2048K)
 Metaspace       used 35510K, committed 35968K, reserved 1114112K
  class space    used 4690K, committed 4928K, reserved 1048576K
}
Event: 3.950 GC heap after
{Heap after GC invocations=9 (full 0):
 garbage-first heap   total 55296K, used 20900K [0x0000000082400000, 0x0000000100000000)
  region size 1024K, 2 young (2048K), 2 survivors (2048K)
 Metaspace       used 35510K, committed 35968K, reserved 1114112K
  class space    used 4690K, committed 4928K, reserved 1048576K
}
Event: 4.530 GC heap before
{Heap before GC invocations=10 (full 0):
 garbage-first heap   total 55296K, used 41380K [0x0000000082400000, 0x0000000100000000)
  region size 1024K, 22 young (22528K), 2 survivors (2048K)
 Metaspace       used 44501K, committed 44992K, reserved 1114112K
  class space    used 5843K, committed 6080K, reserved 1048576K
}
Event: 4.534 GC heap after
{Heap after GC invocations=11 (full 0):
 garbage-first heap   total 55296K, used 23210K [0x0000000082400000, 0x0000000100000000)
  region size 1024K, 3 young (3072K), 3 survivors (3072K)
 Metaspace       used 44501K, committed 44992K, reserved 1114112K
  class space    used 5843K, committed 6080K, reserved 1048576K
}
Event: 4.560 GC heap before
{Heap before GC invocations=11 (full 0):
 garbage-first heap   total 55296K, used 24234K [0x0000000082400000, 0x0000000100000000)
  region size 1024K, 4 young (4096K), 3 survivors (3072K)
 Metaspace       used 44796K, committed 45312K, reserved 1114112K
  class space    used 5883K, committed 6144K, reserved 1048576K
}
Event: 4.563 GC heap after
{Heap after GC invocations=12 (full 0):
 garbage-first heap   total 55296K, used 23153K [0x0000000082400000, 0x0000000100000000)
  region size 1024K, 1 young (1024K), 1 survivors (1024K)
 Metaspace       used 44796K, committed 45312K, reserved 1114112K
  class space    used 5883K, committed 6144K, reserved 1048576K
}
Event: 4.843 GC heap before
{Heap before GC invocations=12 (full 0):
 garbage-first heap   total 55296K, used 41585K [0x0000000082400000, 0x0000000100000000)
  region size 1024K, 19 young (19456K), 1 survivors (1024K)
 Metaspace       used 48493K, committed 48960K, reserved 1114112K
  class space    used 6389K, committed 6592K, reserved 1048576K
}
Event: 4.845 GC heap after
{Heap after GC invocations=13 (full 0):
 garbage-first heap   total 82944K, used 23991K [0x0000000082400000, 0x0000000100000000)
  region size 1024K, 2 young (2048K), 2 survivors (2048K)
 Metaspace       used 48493K, committed 48960K, reserved 1114112K
  class space    used 6389K, committed 6592K, reserved 1048576K
}
Event: 5.518 GC heap before
{Heap before GC invocations=13 (full 0):
 garbage-first heap   total 82944K, used 61879K [0x0000000082400000, 0x0000000100000000)
  region size 1024K, 39 young (39936K), 2 survivors (2048K)
 Metaspace       used 58323K, committed 58816K, reserved 1114112K
  class space    used 7898K, committed 8128K, reserved 1048576K
}
Event: 5.521 GC heap after
{Heap after GC invocations=14 (full 0):
 garbage-first heap   total 82944K, used 25597K [0x0000000082400000, 0x0000000100000000)
  region size 1024K, 3 young (3072K), 3 survivors (3072K)
 Metaspace       used 58323K, committed 58816K, reserved 1114112K
  class space    used 7898K, committed 8128K, reserved 1048576K
}
Event: 5.720 GC heap before
{Heap before GC invocations=14 (full 0):
 garbage-first heap   total 82944K, used 32765K [0x0000000082400000, 0x0000000100000000)
  region size 1024K, 11 young (11264K), 3 survivors (3072K)
 Metaspace       used 59801K, committed 60288K, reserved 1114112K
  class space    used 8084K, committed 8320K, reserved 1048576K
}
Event: 5.724 GC heap after
{Heap after GC invocations=15 (full 0):
 garbage-first heap   total 82944K, used 26407K [0x0000000082400000, 0x0000000100000000)
  region size 1024K, 3 young (3072K), 3 survivors (3072K)
 Metaspace       used 59801K, committed 60288K, reserved 1114112K
  class space    used 8084K, committed 8320K, reserved 1048576K
}
Event: 6.272 GC heap before
{Heap before GC invocations=16 (full 0):
 garbage-first heap   total 82944K, used 64295K [0x0000000082400000, 0x0000000100000000)
  region size 1024K, 40 young (40960K), 3 survivors (3072K)
 Metaspace       used 66695K, committed 67200K, reserved 1114112K
  class space    used 9353K, committed 9600K, reserved 1048576K
}
Event: 6.277 GC heap after
{Heap after GC invocations=17 (full 0):
 garbage-first heap   total 82944K, used 29663K [0x0000000082400000, 0x0000000100000000)
  region size 1024K, 5 young (5120K), 5 survivors (5120K)
 Metaspace       used 66695K, committed 67200K, reserved 1114112K
  class space    used 9353K, committed 9600K, reserved 1048576K
}
Event: 6.280 GC heap before
{Heap before GC invocations=17 (full 0):
 garbage-first heap   total 82944K, used 30687K [0x0000000082400000, 0x0000000100000000)
  region size 1024K, 6 young (6144K), 5 survivors (5120K)
 Metaspace       used 66696K, committed 67200K, reserved 1114112K
  class space    used 9353K, committed 9600K, reserved 1048576K
}
Event: 6.284 GC heap after
{Heap after GC invocations=18 (full 0):
 garbage-first heap   total 82944K, used 29991K [0x0000000082400000, 0x0000000100000000)
  region size 1024K, 1 young (1024K), 1 survivors (1024K)
 Metaspace       used 66696K, committed 67200K, reserved 1114112K
  class space    used 9353K, committed 9600K, reserved 1048576K
}
Event: 6.792 GC heap before
{Heap before GC invocations=18 (full 0):
 garbage-first heap   total 82944K, used 63783K [0x0000000082400000, 0x0000000100000000)
  region size 1024K, 35 young (35840K), 1 survivors (1024K)
 Metaspace       used 71308K, committed 71872K, reserved 1114112K
  class space    used 9976K, committed 10240K, reserved 1048576K
}
Event: 6.796 GC heap after
{Heap after GC invocations=19 (full 0):
 garbage-first heap   total 82944K, used 32174K [0x0000000082400000, 0x0000000100000000)
  region size 1024K, 3 young (3072K), 3 survivors (3072K)
 Metaspace       used 71308K, committed 71872K, reserved 1114112K
  class space    used 9976K, committed 10240K, reserved 1048576K
}

