# JRE version: OpenJDK Runtime Environment Temurin-17.0.8.1+1 (17.0.8.1+1) (build 17.0.8.1+1)
# Java VM: OpenJDK 64-Bit Server VM Temurin-17.0.8.1+1 (17.0.8.1+1, mixed mode, sharing, tiered, compressed oops, compressed class ptrs, g1 gc, windows-amd64)
GC Precious Log:
 CPUs: 8 total, 8 available
 Memory: 8043M
 Large Page Support: Disabled
 NUMA Support: Disabled
 Compressed Oops: Enabled (32-bit)
 Heap Region Size: 1M
 Heap Min Capacity: 8M
 Heap Initial Capacity: 126M
 Heap Max Capacity: 2012M
 Pre-touch: Disabled
 Parallel Workers: 8
 Concurrent Workers: 2
 Concurrent Refinement Workers: 8
 Periodic GC: Disabled
Heap:
 garbage-first heap   total 63488K, used 40779K [0x0000000082400000, 0x0000000100000000)
  region size 1024K, 10 young (10240K), 2 survivors (2048K)
 Metaspace       used 79767K, committed 80448K, reserved 1179648K
  class space    used 10955K, committed 11264K, reserved 1048576K
GC Heap History (20 events):
Event: 37.846 GC heap before
{Heap before GC invocations=24 (full 0):
 garbage-first heap   total 58368K, used 45703K [0x0000000082400000, 0x0000000100000000)
  region size 1024K, 14 young (14336K), 2 survivors (2048K)
 Metaspace       used 75217K, committed 75776K, reserved 1114112K
  class space    used 10542K, committed 10816K, reserved 1048576K
}
Event: 37.851 GC heap after
{Heap after GC invocations=25 (full 0):
 garbage-first heap   total 58368K, used 35205K [0x0000000082400000, 0x0000000100000000)
  region size 1024K, 1 young (1024K), 1 survivors (1024K)
 Metaspace       used 75217K, committed 75776K, reserved 1114112K
  class space    used 10542K, committed 10816K, reserved 1048576K
}
Event: 133.217 GC heap before
{Heap before GC invocations=26 (full 0):
 garbage-first heap   total 63488K, used 46469K [0x0000000082400000, 0x0000000100000000)
  region size 1024K, 13 young (13312K), 1 survivors (1024K)
 Metaspace       used 77476K, committed 78016K, reserved 1179648K
  class space    used 10829K, committed 11072K, reserved 1048576K
}
Event: 133.219 GC heap after
{Heap after GC invocations=27 (full 0):
 garbage-first heap   total 63488K, used 35346K [0x0000000082400000, 0x0000000100000000)
  region size 1024K, 2 young (2048K), 2 survivors (2048K)
 Metaspace       used 77476K, committed 78016K, reserved 1179648K
  class space    used 10829K, committed 11072K, reserved 1048576K
}
Event: 157.707 GC heap before
{Heap before GC invocations=27 (full 0):
 garbage-first heap   total 63488K, used 36370K [0x0000000082400000, 0x0000000100000000)
  region size 1024K, 3 young (3072K), 2 survivors (2048K)
 Metaspace       used 77497K, committed 78080K, reserved 1179648K
  class space    used 10829K, committed 11072K, reserved 1048576K
}
Event: 157.710 GC heap after
{Heap after GC invocations=28 (full 0):
 garbage-first heap   total 63488K, used 35270K [0x0000000082400000, 0x0000000100000000)
  region size 1024K, 1 young (1024K), 1 survivors (1024K)
 Metaspace       used 77497K, committed 78080K, reserved 1179648K
  class space    used 10829K, committed 11072K, reserved 1048576K
}
Event: 376.903 GC heap before
{Heap before GC invocations=28 (full 0):
 garbage-first heap   total 63488K, used 50630K [0x0000000082400000, 0x0000000100000000)
  region size 1024K, 16 young (16384K), 1 survivors (1024K)
 Metaspace       used 78452K, committed 79040K, reserved 1179648K
  class space    used 10864K, committed 11136K, reserved 1048576K
}
Event: 376.950 GC heap after
{Heap after GC invocations=29 (full 0):
 garbage-first heap   total 63488K, used 35571K [0x0000000082400000, 0x0000000100000000)
  region size 1024K, 1 young (1024K), 1 survivors (1024K)
 Metaspace       used 78452K, committed 79040K, reserved 1179648K
  class space    used 10864K, committed 11136K, reserved 1048576K
}
Event: 775.946 GC heap before
{Heap before GC invocations=30 (full 0):
 garbage-first heap   total 63488K, used 51955K [0x0000000082400000, 0x0000000100000000)
  region size 1024K, 17 young (17408K), 1 survivors (1024K)
 Metaspace       used 78571K, committed 79168K, reserved 1179648K
  class space    used 10864K, committed 11136K, reserved 1048576K
}
Event: 775.992 GC heap after
{Heap after GC invocations=31 (full 0):
 garbage-first heap   total 63488K, used 35569K [0x0000000082400000, 0x0000000100000000)
  region size 1024K, 1 young (1024K), 1 survivors (1024K)
 Metaspace       used 78571K, committed 79168K, reserved 1179648K
  class space    used 10864K, committed 11136K, reserved 1048576K
}
Event: 818.380 GC heap before
{Heap before GC invocations=31 (full 0):
 garbage-first heap   total 63488K, used 37617K [0x0000000082400000, 0x0000000100000000)
  region size 1024K, 3 young (3072K), 1 survivors (1024K)
 Metaspace       used 78590K, committed 79168K, reserved 1179648K
  class space    used 10864K, committed 11136K, reserved 1048576K
}
Event: 818.407 GC heap after
{Heap after GC invocations=32 (full 0):
 garbage-first heap   total 63488K, used 35027K [0x0000000082400000, 0x0000000100000000)
  region size 1024K, 1 young (1024K), 1 survivors (1024K)
 Metaspace       used 78590K, committed 79168K, reserved 1179648K
  class space    used 10864K, committed 11136K, reserved 1048576K
}
Event: 1232.790 GC heap before
{Heap before GC invocations=32 (full 0):
 garbage-first heap   total 63488K, used 52435K [0x0000000082400000, 0x0000000100000000)
  region size 1024K, 18 young (18432K), 1 survivors (1024K)
 Metaspace       used 78747K, committed 79360K, reserved 1179648K
  class space    used 10864K, committed 11136K, reserved 1048576K
}
Event: 1232.820 GC heap after
{Heap after GC invocations=33 (full 0):
 garbage-first heap   total 63488K, used 35014K [0x0000000082400000, 0x0000000100000000)
  region size 1024K, 1 young (1024K), 1 survivors (1024K)
 Metaspace       used 78747K, committed 79360K, reserved 1179648K
  class space    used 10864K, committed 11136K, reserved 1048576K
}
Event: 1316.803 GC heap before
{Heap before GC invocations=34 (full 0):
 garbage-first heap   total 63488K, used 40134K [0x0000000082400000, 0x0000000100000000)
  region size 1024K, 7 young (7168K), 1 survivors (1024K)
 Metaspace       used 79106K, committed 79808K, reserved 1179648K
  class space    used 10914K, committed 11264K, reserved 1048576K
}
Event: 1317.064 GC heap after
{Heap after GC invocations=35 (full 1):
 garbage-first heap   total 63488K, used 30201K [0x0000000082400000, 0x0000000100000000)
  region size 1024K, 0 young (0K), 0 survivors (0K)
 Metaspace       used 79106K, committed 79808K, reserved 1179648K
  class space    used 10914K, committed 11264K, reserved 1048576K
}
Event: 1317.419 GC heap before
{Heap before GC invocations=35 (full 1):
 garbage-first heap   total 63488K, used 49657K [0x0000000082400000, 0x0000000100000000)
  region size 1024K, 20 young (20480K), 0 survivors (0K)
 Metaspace       used 79283K, committed 80000K, reserved 1179648K
  class space    used 10924K, committed 11264K, reserved 1048576K
}
Event: 1317.433 GC heap after
{Heap after GC invocations=36 (full 1):
 garbage-first heap   total 63488K, used 32585K [0x0000000082400000, 0x0000000100000000)
  region size 1024K, 3 young (3072K), 3 survivors (3072K)
 Metaspace       used 79283K, committed 80000K, reserved 1179648K
  class space    used 10924K, committed 11264K, reserved 1048576K
}
Event: 1317.694 GC heap before
{Heap before GC invocations=37 (full 1):
 garbage-first heap   total 63488K, used 48969K [0x0000000082400000, 0x0000000100000000)
  region size 1024K, 19 young (19456K), 3 survivors (3072K)
 Metaspace       used 79525K, committed 80192K, reserved 1179648K
  class space    used 10932K, committed 11264K, reserved 1048576K
}
Event: 1317.697 GC heap after
{Heap after GC invocations=38 (full 1):
 garbage-first heap   total 63488K, used 33611K [0x0000000082400000, 0x0000000100000000)
  region size 1024K, 2 young (2048K), 2 survivors (2048K)
 Metaspace       used 79525K, committed 80192K, reserved 1179648K
  class space    used 10932K, committed 11264K, reserved 1048576K
}

